<?xml version="1.0" encoding="UTF-8"?>
<!-- Generated by org.testng.reporters.JUnitReportReporter -->
<testsuite hostname="DESKTOP-VEPV1O0" failures="0" tests="1" name="serialparallel.facebook" time="20.459" errors="0" timestamp="2023-01-25T22:44:39 IST" skipped="0">
  <testcase classname="serialparallel.facebook" name="w3school" time="20.459"/>
  <system-out>
    <![CDATA[facebook]]>
  </system-out>
</testsuite> <!-- serialparallel.facebook -->
