<?xml version="1.0" encoding="UTF-8"?>
<!-- Generated by org.testng.reporters.JUnitReportReporter -->
<testsuite hostname="DESKTOP-VEPV1O0" failures="0" tests="1" name="geckotesting.Geckotesting" time="20.941" errors="0" timestamp="2023-01-21T21:30:50 IST" skipped="0">
  <testcase classname="geckotesting.Geckotesting" name="firefox" time="20.941"/>
  <system-out/>
</testsuite> <!-- geckotesting.Geckotesting -->
