<?xml version="1.0" encoding="UTF-8"?>
<!-- Generated by org.testng.reporters.JUnitReportReporter -->
<testsuite hostname="DESKTOP-VEPV1O0" failures="0" tests="6" name="testngstudy.annotationsstudy" time="0.063" errors="0" timestamp="2023-01-20T14:48:30 IST" skipped="0">
  <testcase classname="testngstudy.annotationsstudy" name="TC1" time="0.009"/>
  <system-out>
    <![CDATA[TC1 is running]]>
  </system-out>
  <testcase classname="testngstudy.annotationsstudy" name="TC2" time="0.012"/>
  <system-out>
    <![CDATA[TC2 is running]]>
  </system-out>
  <testcase classname="testngstudy.annotationsstudy" name="TC2" time="0.011"/>
  <system-out>
    <![CDATA[TC2 is running]]>
  </system-out>
  <testcase classname="testngstudy.annotationsstudy" name="TC2" time="0.010"/>
  <system-out>
    <![CDATA[TC2 is running]]>
  </system-out>
  <testcase classname="testngstudy.annotationsstudy" name="TC2" time="0.009"/>
  <system-out>
    <![CDATA[TC2 is running]]>
  </system-out>
  <testcase classname="testngstudy.annotationsstudy" name="TC2" time="0.012"/>
  <system-out>
    <![CDATA[TC2 is running]]>
  </system-out>
</testsuite> <!-- testngstudy.annotationsstudy -->
