<?xml version="1.0" encoding="UTF-8"?>
<!-- Generated by org.testng.reporters.JUnitReportReporter -->
<testsuite hostname="DESKTOP-VEPV1O0" failures="0" tests="2" name="geckotesting.CBtesting" time="102.944" errors="0" timestamp="2023-01-25T23:38:24 IST" skipped="0">
  <testcase classname="geckotesting.CBtesting" name="Cbtesting" time="49.890"/>
  <system-out/>
  <testcase classname="geckotesting.CBtesting" name="Cbtesting" time="53.054"/>
  <system-out/>
</testsuite> <!-- geckotesting.CBtesting -->
