<?xml version="1.0" encoding="UTF-8"?>
<!-- Generated by org.testng.reporters.JUnitReportReporter -->
<testsuite hostname="DESKTOP-VEPV1O0" failures="0" tests="1" name="chromeoption.NewTest" time="59.662" errors="0" timestamp="2023-01-17T01:04:03 IST" skipped="0">
  <testcase classname="chromeoption.NewTest" name="neolounch" time="59.662"/>
  <system-out/>
</testsuite> <!-- chromeoption.NewTest -->
